<?xml version="1.0" encoding="UTF-8"?>
<!-- Generated by org.testng.reporters.JUnitXMLReporter -->
<testsuite hostname="itp-wks0289" ignored="0" name="Test" tests="4" failures="0" timestamp="25 Jul 2019 06:06:11 GMT" time="6.504" errors="0">
  <testcase name="createEmployee" time="2.567" classname="com.test.SampleProject"/>
  <testcase name="deleteEmployee" time="0.875" classname="com.test.SampleProject"/>
  <testcase name="mailsend" time="2.248" classname="com.test.SampleProject"/>
  <testcase name="updateEmployee" time="0.803" classname="com.test.SampleProject"/>
</testsuite> <!-- Test -->
