<?xml version="1.0" encoding="UTF-8"?>
<!-- Generated by org.testng.reporters.JUnitXMLReporter -->
<testsuite hostname="itp-wks0289" ignored="0" name="Command line test" tests="4" failures="0" timestamp="25 Jul 2019 06:08:35 GMT" time="5.958" errors="0">
  <testcase name="createEmployee" time="2.381" classname="com.test.SampleProject"/>
  <testcase name="deleteEmployee" time="0.767" classname="com.test.SampleProject"/>
  <testcase name="mailsend" time="2.021" classname="com.test.SampleProject"/>
  <testcase name="updateEmployee" time="0.772" classname="com.test.SampleProject"/>
</testsuite> <!-- Command line test -->
