<?xml version="1.0" encoding="UTF-8"?>
<testng-results skipped="0" failed="0" ignored="0" total="6" passed="6">
  <reporter-output>
  </reporter-output>
  <suite name="Default suite" duration-ms="7955" started-at="2019-07-29T12:16:48Z" finished-at="2019-07-29T12:16:55Z">
    <groups>
    </groups>
    <test name="Default test" duration-ms="7955" started-at="2019-07-29T12:16:48Z" finished-at="2019-07-29T12:16:55Z">
      <class name="com.test.FullRun">
        <test-method status="PASS" signature="createIssue()[pri:0, instance:com.test.FullRun@4ac3c60d]" name="createIssue" duration-ms="2597" started-at="2019-07-29T17:46:48Z" finished-at="2019-07-29T17:46:50Z">
          <reporter-output>
          </reporter-output>
        </test-method> <!-- createIssue -->
        <test-method status="PASS" signature="postTestExecution()[pri:1, instance:com.test.FullRun@4ac3c60d]" name="postTestExecution" duration-ms="106" started-at="2019-07-29T17:46:50Z" finished-at="2019-07-29T17:46:50Z">
          <reporter-output>
          </reporter-output>
        </test-method> <!-- postTestExecution -->
        <test-method status="PASS" signature="createEmployee()[pri:2, instance:com.test.FullRun@4ac3c60d]" name="createEmployee" duration-ms="969" started-at="2019-07-29T17:46:50Z" finished-at="2019-07-29T17:46:51Z">
          <reporter-output>
          </reporter-output>
        </test-method> <!-- createEmployee -->
        <test-method status="PASS" signature="updateEmployee()[pri:3, instance:com.test.FullRun@4ac3c60d]" name="updateEmployee" duration-ms="816" started-at="2019-07-29T17:46:51Z" finished-at="2019-07-29T17:46:52Z">
          <reporter-output>
          </reporter-output>
        </test-method> <!-- updateEmployee -->
        <test-method status="PASS" signature="deleteEmployee()[pri:4, instance:com.test.FullRun@4ac3c60d]" name="deleteEmployee" duration-ms="857" started-at="2019-07-29T17:46:52Z" finished-at="2019-07-29T17:46:53Z">
          <reporter-output>
          </reporter-output>
        </test-method> <!-- deleteEmployee -->
        <test-method status="PASS" signature="mailsend()[pri:5, instance:com.test.FullRun@4ac3c60d]" name="mailsend" duration-ms="2569" started-at="2019-07-29T17:46:53Z" finished-at="2019-07-29T17:46:55Z">
          <reporter-output>
          </reporter-output>
        </test-method> <!-- mailsend -->
        <test-method status="PASS" signature="afterAllTest()[pri:0, instance:com.test.FullRun@4ac3c60d]" name="afterAllTest" is-config="true" duration-ms="1654" started-at="2019-07-29T17:46:56Z" finished-at="2019-07-29T17:46:57Z">
          <reporter-output>
          </reporter-output>
        </test-method> <!-- afterAllTest -->
      </class> <!-- com.test.FullRun -->
    </test> <!-- Default test -->
  </suite> <!-- Default suite -->
</testng-results>
